<?xml version="1.0" encoding="UTF-8"?>
<testsuites>
    <testsuite name="force.apex" timestamp="2019-11-21T07:22:04-06:00" hostname="https://drive-site-175-dev-ed.cs90.my.salesforce.com" tests="8" failures="1"  errors="0"  time="0.6">
        <properties>
            <property name="outcome" value="Failed"/>
            <property name="testsRan" value="8"/>
            <property name="passing" value="7"/>
            <property name="failing" value="1"/>
            <property name="skipped" value="0"/>
            <property name="passRate" value="88%"/>
            <property name="failRate" value="13%"/>
            <property name="testStartTime" value="Nov 21, 2019 7:22 AM"/>
            <property name="testExecutionTime" value="0.6 s"/>
            <property name="testTotalTime" value="0.6 s"/>
            <property name="commandTime" value="3.01 s"/>
            <property name="hostname" value="https://drive-site-175-dev-ed.cs90.my.salesforce.com"/>
            <property name="orgId" value="00D1F000000G3RJUA0"/>
            <property name="username" value="test-cw11cnpryfrp@example.com"/>
            <property name="testRunId" value="7071F00001BlGvl"/>
            <property name="userId" value="0051F000004kNsMQAU"/>
            <property name="testRunCoverage" value="100%"/>
            <property name="orgWideCoverage" value="15%"/>
        </properties>
        <testcase name="<compile>" classname="AccountDATest" time="0">
            <failure message="line 2, column 32: Dependent class is invalid and needs recompilation:
 Class AccountDAMock : Non-virtual and non-abstract type cannot be extended: DmlBaseMock"></failure>
        </testcase>
        <testcase name="deleteRecords_givenOldAccount_shouldGetNullID" classname="DmlBaseTest" time="0.32">
        </testcase>
        <testcase name="insertRecords_givenAccount_shouldGetId" classname="DmlBaseTest" time="0.07">
        </testcase>
        <testcase name="updateRecords_givenAccount_shouldGetUpdatedAccount" classname="DmlBaseTest" time="0.07">
        </testcase>
        <testcase name="upsertRecords_givenNewAccount_shouldGetId" classname="DmlBaseTest" time="0.04">
        </testcase>
        <testcase name="getMockId_givenAccount_shouldGetAccountPrefixId" classname="MockIdGeneratorTest" time="0.05">
        </testcase>
        <testcase name="getMockId_givenTwoObjectStates_shouldGetUniqueObjectCounts" classname="MockIdGeneratorTest" time="0.05">
        </testcase>
        <testcase name="statelessMockId_givenContact_shouldGetContactId" classname="MockIdGeneratorTest" time="0.01">
        </testcase>
    </testsuite>
</testsuites>
