<?xml version="1.0" encoding="UTF-8"?>
<testsuites>
    <testsuite name="force.apex" timestamp="2019-11-21T07:18:43-06:00" hostname="https://drive-site-175-dev-ed.cs90.my.salesforce.com" tests="10" failures="0"  errors="0"  time="2.8">
        <properties>
            <property name="outcome" value="Passed"/>
            <property name="testsRan" value="10"/>
            <property name="passing" value="10"/>
            <property name="failing" value="0"/>
            <property name="skipped" value="0"/>
            <property name="passRate" value="100%"/>
            <property name="failRate" value="0%"/>
            <property name="testStartTime" value="Nov 21, 2019 7:18 AM"/>
            <property name="testExecutionTime" value="2.8 s"/>
            <property name="testTotalTime" value="2.8 s"/>
            <property name="commandTime" value="7.72 s"/>
            <property name="hostname" value="https://drive-site-175-dev-ed.cs90.my.salesforce.com"/>
            <property name="orgId" value="00D1F000000G3RJUA0"/>
            <property name="username" value="test-cw11cnpryfrp@example.com"/>
            <property name="testRunId" value="7071F00001BlGo5"/>
            <property name="userId" value="0051F000004kNsMQAU"/>
            <property name="testRunCoverage" value="72%"/>
            <property name="orgWideCoverage" value="15%"/>
        </properties>
        <testcase name="mockEnvironment_givenPassByReference_changesShouldReflectBetweenDAMockAndBaseMock" classname="AccountDATest" time="0.66">
        </testcase>
        <testcase name="queryLimittedAccounts_given5_shouldGet5Accounts" classname="AccountDATest" time="0.02">
        </testcase>
        <testcase name="searchAccounts_givenString_shouldGetOneAccount" classname="AccountDATest" time="0.28">
        </testcase>
        <testcase name="deleteRecords_givenOldAccount_shouldGetNullID" classname="DmlBaseTest" time="1.5">
        </testcase>
        <testcase name="insertRecords_givenAccount_shouldGetId" classname="DmlBaseTest" time="0.06">
        </testcase>
        <testcase name="updateRecords_givenAccount_shouldGetUpdatedAccount" classname="DmlBaseTest" time="0.06">
        </testcase>
        <testcase name="upsertRecords_givenNewAccount_shouldGetId" classname="DmlBaseTest" time="0.05">
        </testcase>
        <testcase name="getMockId_givenAccount_shouldGetAccountPrefixId" classname="MockIdGeneratorTest" time="0.04">
        </testcase>
        <testcase name="getMockId_givenTwoObjectStates_shouldGetUniqueObjectCounts" classname="MockIdGeneratorTest" time="0.13">
        </testcase>
        <testcase name="statelessMockId_givenContact_shouldGetContactId" classname="MockIdGeneratorTest" time="0.01">
        </testcase>
    </testsuite>
</testsuites>
